#
# There is insufficient memory for the Java Runtime Environment to continue.
# Native memory allocation (malloc) failed to allocate 238016 bytes for Chunk::new
# Possible reasons:
#   The system is out of physical RAM or swap space
#   The process is running with CompressedOops enabled, and the Java Heap may be blocking the growth of the native heap
# Possible solutions:
#   Reduce memory load on the system
#   Increase physical memory or swap space
#   Check if swap backing store is full
#   Decrease Java heap size (-Xmx/-Xms)
#   Decrease number of Java threads
#   Decrease Java thread stack sizes (-Xss)
#   Set larger code cache with -XX:ReservedCodeCacheSize=
#   JVM is running with Unscaled Compressed Oops mode in which the Java heap is
#     placed in the first 4GB address space. The Java Heap base address is the
#     maximum limit for the native heap growth. Please use -XX:HeapBaseMinAddress
#     to set the Java Heap base and to place the Java Heap above 4GB virtual address.
# This output file may be truncated or incomplete.
#
#  Out of Memory Error (arena.cpp:189), pid=3680, tid=2476
#
# JRE version: OpenJDK Runtime Environment JBR-17.0.5+1-653.23-jcef (17.0.5+1) (build 17.0.5+1-b653.23)
# Java VM: OpenJDK 64-Bit Server VM JBR-17.0.5+1-653.23-jcef (17.0.5+1-b653.23, mixed mode, tiered, compressed oops, compressed class ptrs, g1 gc, windows-amd64)
# No core dump will be written. Minidumps are not enabled by default on client versions of Windows
#

---------------  S U M M A R Y ------------

Command Line: -Dawt.toolkit=com.intellij.desktop.DesktopActionsToolkit -Djava.rmi.server.hostname=127.0.0.1 -Duser.timezone=UTC -Xmx750m -Xms128m --add-exports=java.desktop/sun.awt=ALL-UNNAMED --add-exports=java.desktop/java.awt.peer=ALL-UNNAMED --add-opens=java.desktop/java.awt=ALL-UNNAMED --add-opens=jdk.unsupported/sun.misc=ALL-UNNAMED --add-opens=java.base/java.nio=ALL-UNNAMED --add-opens=java.base/java.util=ALL-UNNAMED -Dfile.encoding=UTF-8 com.intellij.database.remote.RemoteJdbcServer org.postgresql.Driver

Host: Intel(R) Core(TM) i7-2600K CPU @ 3.40GHz, 8 cores, 11G,  Windows 10 , 64 bit Build 19041 (10.0.19041.2546)
Time: Wed Mar 22 20:11:30 2023 RTZ 2 (s 10 , 64 bit Build 19041 (10.0.19041.2546) elapsed time: 9375.641501 seconds (0d 2h 36m 15s)

---------------  T H R E A D  ---------------

Current thread (0x000002ad760090e0):  JavaThread "C2 CompilerThread0" daemon [_thread_in_native, id=2476, stack(0x000000c176300000,0x000000c176400000)]


Current CompileTask:
C2:9375641 3387   !   4       java.util.concurrent.ThreadPoolExecutor::getTask (177 bytes)

Stack: [0x000000c176300000,0x000000c176400000]
Native frames: (J=compiled Java code, j=interpreted, Vv=VM code, C=native code)
V  [jvm.dll+0x6830ca]
V  [jvm.dll+0x83f4c4]
V  [jvm.dll+0x840c6e]
V  [jvm.dll+0x8412d3]
V  [jvm.dll+0x2490b5]
V  [jvm.dll+0xabd5c]
V  [jvm.dll+0xac32c]
V  [jvm.dll+0x2b02df]
V  [jvm.dll+0x589777]
V  [jvm.dll+0x223912]
V  [jvm.dll+0x21ce1f]
V  [jvm.dll+0x21aa7b]
V  [jvm.dll+0x1a470d]
V  [jvm.dll+0x22a5f8]
V  [jvm.dll+0x2286b9]
V  [jvm.dll+0x7f4eac]
V  [jvm.dll+0x7ef40a]
V  [jvm.dll+0x681f05]
C  [ucrtbase.dll+0x21bb2]
C  [KERNEL32.DLL+0x17614]
C  [ntdll.dll+0x526a1]


---------------  P R O C E S S  ---------------

Threads class SMR info:
_java_thread_list=0x000002ad765cce20, length=22, elements={
0x000002ad5e3b14b0, 0x000002ad7546d550, 0x000002ad7546f9c0, 0x000002ad754bc960,
0x000002ad754a20d0, 0x000002ad754a3130, 0x000002ad754a4190, 0x000002ad760090e0,
0x000002ad7600b190, 0x000002ad7602c420, 0x000002ad7618c8c0, 0x000002ad761aecd0,
0x000002ad764896f0, 0x000002ad7648e950, 0x000002ad7659e100, 0x000002ad76610e10,
0x000002ad7688be20, 0x000002ad7688c2f0, 0x000002ad7688adf0, 0x000002ad76881340,
0x000002ad76882b50, 0x000002ad768804d0
}

Java Threads: ( => current thread )
  0x000002ad5e3b14b0 JavaThread "main" [_thread_blocked, id=13396, stack(0x000000c175600000,0x000000c175700000)]
  0x000002ad7546d550 JavaThread "Reference Handler" daemon [_thread_blocked, id=14852, stack(0x000000c175d00000,0x000000c175e00000)]
  0x000002ad7546f9c0 JavaThread "Finalizer" daemon [_thread_blocked, id=11584, stack(0x000000c175e00000,0x000000c175f00000)]
  0x000002ad754bc960 JavaThread "Signal Dispatcher" daemon [_thread_blocked, id=724, stack(0x000000c175f00000,0x000000c176000000)]
  0x000002ad754a20d0 JavaThread "Attach Listener" daemon [_thread_blocked, id=18868, stack(0x000000c176000000,0x000000c176100000)]
  0x000002ad754a3130 JavaThread "Service Thread" daemon [_thread_blocked, id=3340, stack(0x000000c176100000,0x000000c176200000)]
  0x000002ad754a4190 JavaThread "Monitor Deflation Thread" daemon [_thread_blocked, id=6904, stack(0x000000c176200000,0x000000c176300000)]
=>0x000002ad760090e0 JavaThread "C2 CompilerThread0" daemon [_thread_in_native, id=2476, stack(0x000000c176300000,0x000000c176400000)]
  0x000002ad7600b190 JavaThread "C1 CompilerThread0" daemon [_thread_blocked, id=1684, stack(0x000000c176400000,0x000000c176500000)]
  0x000002ad7602c420 JavaThread "Sweeper thread" daemon [_thread_blocked, id=3220, stack(0x000000c176500000,0x000000c176600000)]
  0x000002ad7618c8c0 JavaThread "Common-Cleaner" daemon [_thread_blocked, id=8480, stack(0x000000c176600000,0x000000c176700000)]
  0x000002ad761aecd0 JavaThread "Notification Thread" daemon [_thread_blocked, id=1168, stack(0x000000c176700000,0x000000c176800000)]
  0x000002ad764896f0 JavaThread "Java2D Disposer" daemon [_thread_blocked, id=14408, stack(0x000000c176900000,0x000000c176a00000)]
  0x000002ad7648e950 JavaThread "AWT-Windows" daemon [_thread_in_native, id=3196, stack(0x000000c176b00000,0x000000c176c00000)]
  0x000002ad7659e100 JavaThread "RMI TCP Accept-12032" daemon [_thread_in_native, id=1572, stack(0x000000c176c00000,0x000000c176d00000)]
  0x000002ad76610e10 JavaThread "RMI TCP Accept-0" daemon [_thread_in_native, id=7016, stack(0x000000c176d00000,0x000000c176e00000)]
  0x000002ad7688be20 JavaThread "RMI Reaper" [_thread_blocked, id=6672, stack(0x000000c176e00000,0x000000c176f00000)]
  0x000002ad7688c2f0 JavaThread "RMI GC Daemon" daemon [_thread_blocked, id=16068, stack(0x000000c176f00000,0x000000c177000000)]
  0x000002ad7688adf0 JavaThread "RMI TCP Connection(1)-127.0.0.1" daemon [_thread_in_native, id=8432, stack(0x000000c177100000,0x000000c177200000)]
  0x000002ad76881340 JavaThread "RMI Scheduler(0)" daemon [_thread_blocked, id=13296, stack(0x000000c177200000,0x000000c177300000)]
  0x000002ad76882b50 JavaThread "RMI RenewClean-[127.0.0.1:59827]" daemon [_thread_blocked, id=17916, stack(0x000000c177400000,0x000000c177500000)]
  0x000002ad768804d0 JavaThread "RMI TCP Connection(15)-127.0.0.1" daemon [_thread_in_native, id=7764, stack(0x000000c175400000,0x000000c175500000)]

Other Threads:
  0x000002ad7546ac60 VMThread "VM Thread" [stack: 0x000000c175c00000,0x000000c175d00000] [id=6460]
  0x000002ad5e3f3cc0 WatcherThread [stack: 0x000000c176800000,0x000000c176900000] [id=16500]
  0x000002ad5e3e5d40 GCTaskThread "GC Thread#0" [stack: 0x000000c175700000,0x000000c175800000] [id=11824]
  0x000002ad769ec650 GCTaskThread "GC Thread#1" [stack: 0x000000c176a00000,0x000000c176b00000] [id=12836]
  0x000002ad769ebe40 GCTaskThread "GC Thread#2" [stack: 0x000000c177600000,0x000000c177700000] [id=14708]
  0x000002ad769eb8e0 GCTaskThread "GC Thread#3" [stack: 0x000000c177700000,0x000000c177800000] [id=12144]
  0x000002ad769ec900 GCTaskThread "GC Thread#4" [stack: 0x000000c177800000,0x000000c177900000] [id=16372]
  0x000002ad769ebb90 GCTaskThread "GC Thread#5" [stack: 0x000000c177900000,0x000000c177a00000] [id=3136]
  0x000002ad769eb630 GCTaskThread "GC Thread#6" [stack: 0x000000c177a00000,0x000000c177b00000] [id=6004]
  0x000002ad769ecbb0 GCTaskThread "GC Thread#7" [stack: 0x000000c177b00000,0x000000c177c00000] [id=11060]
  0x000002ad5e3ec850 ConcurrentGCThread "G1 Main Marker" [stack: 0x000000c175800000,0x000000c175900000] [id=2584]
  0x000002ad5e3ed810 ConcurrentGCThread "G1 Conc#0" [stack: 0x000000c175900000,0x000000c175a00000] [id=12992]
  0x000002ad5e476c50 ConcurrentGCThread "G1 Refine#0" [stack: 0x000000c175a00000,0x000000c175b00000] [id=10584]
  0x000002ad76835cd0 ConcurrentGCThread "G1 Refine#1" [stack: 0x000000c177c00000,0x000000c177d00000] [id=1224]
  0x000002ad5e477480 ConcurrentGCThread "G1 Service" [stack: 0x000000c175b00000,0x000000c175c00000] [id=18980]

Threads with active compile tasks:
C2 CompilerThread0  9375719 3387   !   4       java.util.concurrent.ThreadPoolExecutor::getTask (177 bytes)

VM state: not at safepoint (normal execution)

VM Mutex/Monitor currently owned by a thread: None

Heap address: 0x00000000d1200000, size: 750 MB, Compressed Oops mode: 32-bit

CDS archive(s) not mapped
Compressed class space mapped at: 0x0000000100000000-0x0000000140000000, reserved size: 1073741824
Narrow klass base: 0x0000000000000000, Narrow klass shift: 3, Narrow klass range: 0x140000000

GC Precious Log:
 CPUs: 8 total, 8 available
 Memory: 12205M
 Large Page Support: Disabled
 NUMA Support: Disabled
 Compressed Oops: Enabled (32-bit)
 Heap Region Size: 1M
 Heap Min Capacity: 128M
 Heap Initial Capacity: 128M
 Heap Max Capacity: 750M
 Pre-touch: Disabled
 Parallel Workers: 8
 Concurrent Workers: 2
 Concurrent Refinement Workers: 8
 Periodic GC: Disabled

Heap:
 garbage-first heap   total 131072K, used 39434K [0x00000000d1200000, 0x0000000100000000)
  region size 1024K, 31 young (31744K), 2 survivors (2048K)
 Metaspace       used 21111K, committed 21376K, reserved 1073152K
  class space    used 2052K, committed 2176K, reserved 1048576K

Heap Regions: E=young(eden), S=young(survivor), O=old, HS=humongous(starts), HC=humongous(continues), CS=collection set, F=free, OA=open archive, CA=closed archive, TAMS=top-at-mark-start (previous, next)
|   0|0x00000000d1200000, 0x00000000d1300000, 0x00000000d1300000|100%|HS|  |TAMS 0x00000000d1300000, 0x00000000d1200000| Untracked 
|   1|0x00000000d1300000, 0x00000000d1400000, 0x00000000d1400000|100%|HC|  |TAMS 0x00000000d1400000, 0x00000000d1300000| Untracked 
|   2|0x00000000d1400000, 0x00000000d1500000, 0x00000000d1500000|100%|HC|  |TAMS 0x00000000d1500000, 0x00000000d1400000| Untracked 
|   3|0x00000000d1500000, 0x00000000d15ff270, 0x00000000d1600000| 99%| O|  |TAMS 0x00000000d1500000, 0x00000000d1500000| Untracked 
|   4|0x00000000d1600000, 0x00000000d16ffff8, 0x00000000d1700000| 99%| O|  |TAMS 0x00000000d16ffff8, 0x00000000d1600000| Untracked 
|   5|0x00000000d1700000, 0x00000000d178db38, 0x00000000d1800000| 55%| O|  |TAMS 0x00000000d1700000, 0x00000000d1700000| Untracked 
|   6|0x00000000d1800000, 0x00000000d18f7548, 0x00000000d1900000| 96%| O|  |TAMS 0x00000000d1800000, 0x00000000d1800000| Untracked 
|   7|0x00000000d1900000, 0x00000000d19ffff8, 0x00000000d1a00000| 99%| O|  |TAMS 0x00000000d1900000, 0x00000000d1900000| Untracked 
|   8|0x00000000d1a00000, 0x00000000d1ae88a0, 0x00000000d1b00000| 90%| O|  |TAMS 0x00000000d1a00000, 0x00000000d1a00000| Untracked 
|   9|0x00000000d1b00000, 0x00000000d1b00000, 0x00000000d1c00000|  0%| F|  |TAMS 0x00000000d1b00000, 0x00000000d1b00000| Untracked 
|  10|0x00000000d1c00000, 0x00000000d1c00000, 0x00000000d1d00000|  0%| F|  |TAMS 0x00000000d1c00000, 0x00000000d1c00000| Untracked 
|  11|0x00000000d1d00000, 0x00000000d1d59000, 0x00000000d1e00000| 34%| O|  |TAMS 0x00000000d1d00000, 0x00000000d1d00000| Untracked 
|  12|0x00000000d1e00000, 0x00000000d1e9b670, 0x00000000d1f00000| 60%| O|  |TAMS 0x00000000d1e00000, 0x00000000d1e00000| Untracked 
|  13|0x00000000d1f00000, 0x00000000d1f00000, 0x00000000d2000000|  0%| F|  |TAMS 0x00000000d1f00000, 0x00000000d1f00000| Untracked 
|  14|0x00000000d2000000, 0x00000000d2000000, 0x00000000d2100000|  0%| F|  |TAMS 0x00000000d2000000, 0x00000000d2000000| Untracked 
|  15|0x00000000d2100000, 0x00000000d2100000, 0x00000000d2200000|  0%| F|  |TAMS 0x00000000d2100000, 0x00000000d2100000| Untracked 
|  16|0x00000000d2200000, 0x00000000d2200000, 0x00000000d2300000|  0%| F|  |TAMS 0x00000000d2200000, 0x00000000d2200000| Untracked 
|  17|0x00000000d2300000, 0x00000000d2300000, 0x00000000d2400000|  0%| F|  |TAMS 0x00000000d2300000, 0x00000000d2300000| Untracked 
|  18|0x00000000d2400000, 0x00000000d2400000, 0x00000000d2500000|  0%| F|  |TAMS 0x00000000d2400000, 0x00000000d2400000| Untracked 
|  19|0x00000000d2500000, 0x00000000d2500000, 0x00000000d2600000|  0%| F|  |TAMS 0x00000000d2500000, 0x00000000d2500000| Untracked 
|  20|0x00000000d2600000, 0x00000000d2600000, 0x00000000d2700000|  0%| F|  |TAMS 0x00000000d2600000, 0x00000000d2600000| Untracked 
|  21|0x00000000d2700000, 0x00000000d2700000, 0x00000000d2800000|  0%| F|  |TAMS 0x00000000d2700000, 0x00000000d2700000| Untracked 
|  22|0x00000000d2800000, 0x00000000d2800000, 0x00000000d2900000|  0%| F|  |TAMS 0x00000000d2800000, 0x00000000d2800000| Untracked 
|  23|0x00000000d2900000, 0x00000000d2900000, 0x00000000d2a00000|  0%| F|  |TAMS 0x00000000d2900000, 0x00000000d2900000| Untracked 
|  24|0x00000000d2a00000, 0x00000000d2a00000, 0x00000000d2b00000|  0%| F|  |TAMS 0x00000000d2a00000, 0x00000000d2a00000| Untracked 
|  25|0x00000000d2b00000, 0x00000000d2b00000, 0x00000000d2c00000|  0%| F|  |TAMS 0x00000000d2b00000, 0x00000000d2b00000| Untracked 
|  26|0x00000000d2c00000, 0x00000000d2c00000, 0x00000000d2d00000|  0%| F|  |TAMS 0x00000000d2c00000, 0x00000000d2c00000| Untracked 
|  27|0x00000000d2d00000, 0x00000000d2d00000, 0x00000000d2e00000|  0%| F|  |TAMS 0x00000000d2d00000, 0x00000000d2d00000| Untracked 
|  28|0x00000000d2e00000, 0x00000000d2e00000, 0x00000000d2f00000|  0%| F|  |TAMS 0x00000000d2e00000, 0x00000000d2e00000| Untracked 
|  29|0x00000000d2f00000, 0x00000000d2f00000, 0x00000000d3000000|  0%| F|  |TAMS 0x00000000d2f00000, 0x00000000d2f00000| Untracked 
|  30|0x00000000d3000000, 0x00000000d3000000, 0x00000000d3100000|  0%| F|  |TAMS 0x00000000d3000000, 0x00000000d3000000| Untracked 
|  31|0x00000000d3100000, 0x00000000d3100000, 0x00000000d3200000|  0%| F|  |TAMS 0x00000000d3100000, 0x00000000d3100000| Untracked 
|  32|0x00000000d3200000, 0x00000000d3200000, 0x00000000d3300000|  0%| F|  |TAMS 0x00000000d3200000, 0x00000000d3200000| Untracked 
|  33|0x00000000d3300000, 0x00000000d3300000, 0x00000000d3400000|  0%| F|  |TAMS 0x00000000d3300000, 0x00000000d3300000| Untracked 
|  34|0x00000000d3400000, 0x00000000d3400000, 0x00000000d3500000|  0%| F|  |TAMS 0x00000000d3400000, 0x00000000d3400000| Untracked 
|  35|0x00000000d3500000, 0x00000000d3500000, 0x00000000d3600000|  0%| F|  |TAMS 0x00000000d3500000, 0x00000000d3500000| Untracked 
|  36|0x00000000d3600000, 0x00000000d3600000, 0x00000000d3700000|  0%| F|  |TAMS 0x00000000d3600000, 0x00000000d3600000| Untracked 
|  37|0x00000000d3700000, 0x00000000d3700000, 0x00000000d3800000|  0%| F|  |TAMS 0x00000000d3700000, 0x00000000d3700000| Untracked 
|  38|0x00000000d3800000, 0x00000000d3800000, 0x00000000d3900000|  0%| F|  |TAMS 0x00000000d3800000, 0x00000000d3800000| Untracked 
|  39|0x00000000d3900000, 0x00000000d3900000, 0x00000000d3a00000|  0%| F|  |TAMS 0x00000000d3900000, 0x00000000d3900000| Untracked 
|  40|0x00000000d3a00000, 0x00000000d3a00000, 0x00000000d3b00000|  0%| F|  |TAMS 0x00000000d3a00000, 0x00000000d3a00000| Untracked 
|  41|0x00000000d3b00000, 0x00000000d3b00000, 0x00000000d3c00000|  0%| F|  |TAMS 0x00000000d3b00000, 0x00000000d3b00000| Untracked 
|  42|0x00000000d3c00000, 0x00000000d3c00000, 0x00000000d3d00000|  0%| F|  |TAMS 0x00000000d3c00000, 0x00000000d3c00000| Untracked 
|  43|0x00000000d3d00000, 0x00000000d3d00000, 0x00000000d3e00000|  0%| F|  |TAMS 0x00000000d3d00000, 0x00000000d3d00000| Untracked 
|  44|0x00000000d3e00000, 0x00000000d3e00000, 0x00000000d3f00000|  0%| F|  |TAMS 0x00000000d3e00000, 0x00000000d3e00000| Untracked 
|  45|0x00000000d3f00000, 0x00000000d3f00000, 0x00000000d4000000|  0%| F|  |TAMS 0x00000000d3f00000, 0x00000000d3f00000| Untracked 
|  46|0x00000000d4000000, 0x00000000d4000000, 0x00000000d4100000|  0%| F|  |TAMS 0x00000000d4000000, 0x00000000d4000000| Untracked 
|  47|0x00000000d4100000, 0x00000000d4100000, 0x00000000d4200000|  0%| F|  |TAMS 0x00000000d4100000, 0x00000000d4100000| Untracked 
|  48|0x00000000d4200000, 0x00000000d4200000, 0x00000000d4300000|  0%| F|  |TAMS 0x00000000d4200000, 0x00000000d4200000| Untracked 
|  49|0x00000000d4300000, 0x00000000d4300000, 0x00000000d4400000|  0%| F|  |TAMS 0x00000000d4300000, 0x00000000d4300000| Untracked 
|  50|0x00000000d4400000, 0x00000000d4421810, 0x00000000d4500000| 13%| S|CS|TAMS 0x00000000d4400000, 0x00000000d4400000| Complete 
|  51|0x00000000d4500000, 0x00000000d4600000, 0x00000000d4600000|100%| S|CS|TAMS 0x00000000d4500000, 0x00000000d4500000| Complete 
|  52|0x00000000d4600000, 0x00000000d4600000, 0x00000000d4700000|  0%| F|  |TAMS 0x00000000d4600000, 0x00000000d4600000| Untracked 
|  53|0x00000000d4700000, 0x00000000d4700000, 0x00000000d4800000|  0%| F|  |TAMS 0x00000000d4700000, 0x00000000d4700000| Untracked 
|  54|0x00000000d4800000, 0x00000000d4800000, 0x00000000d4900000|  0%| F|  |TAMS 0x00000000d4800000, 0x00000000d4800000| Untracked 
|  55|0x00000000d4900000, 0x00000000d4900000, 0x00000000d4a00000|  0%| F|  |TAMS 0x00000000d4900000, 0x00000000d4900000| Untracked 
|  56|0x00000000d4a00000, 0x00000000d4a00000, 0x00000000d4b00000|  0%| F|  |TAMS 0x00000000d4a00000, 0x00000000d4a00000| Untracked 
|  57|0x00000000d4b00000, 0x00000000d4b00000, 0x00000000d4c00000|  0%| F|  |TAMS 0x00000000d4b00000, 0x00000000d4b00000| Untracked 
|  58|0x00000000d4c00000, 0x00000000d4c00000, 0x00000000d4d00000|  0%| F|  |TAMS 0x00000000d4c00000, 0x00000000d4c00000| Untracked 
|  59|0x00000000d4d00000, 0x00000000d4d00000, 0x00000000d4e00000|  0%| F|  |TAMS 0x00000000d4d00000, 0x00000000d4d00000| Untracked 
|  60|0x00000000d4e00000, 0x00000000d4e00000, 0x00000000d4f00000|  0%| F|  |TAMS 0x00000000d4e00000, 0x00000000d4e00000| Untracked 
|  61|0x00000000d4f00000, 0x00000000d4f00000, 0x00000000d5000000|  0%| F|  |TAMS 0x00000000d4f00000, 0x00000000d4f00000| Untracked 
|  62|0x00000000d5000000, 0x00000000d5000000, 0x00000000d5100000|  0%| F|  |TAMS 0x00000000d5000000, 0x00000000d5000000| Untracked 
|  63|0x00000000d5100000, 0x00000000d5100000, 0x00000000d5200000|  0%| F|  |TAMS 0x00000000d5100000, 0x00000000d5100000| Untracked 
|  64|0x00000000d5200000, 0x00000000d5200000, 0x00000000d5300000|  0%| F|  |TAMS 0x00000000d5200000, 0x00000000d5200000| Untracked 
|  65|0x00000000d5300000, 0x00000000d5300000, 0x00000000d5400000|  0%| F|  |TAMS 0x00000000d5300000, 0x00000000d5300000| Untracked 
|  66|0x00000000d5400000, 0x00000000d5400000, 0x00000000d5500000|  0%| F|  |TAMS 0x00000000d5400000, 0x00000000d5400000| Untracked 
|  67|0x00000000d5500000, 0x00000000d5500000, 0x00000000d5600000|  0%| F|  |TAMS 0x00000000d5500000, 0x00000000d5500000| Untracked 
|  68|0x00000000d5600000, 0x00000000d5600000, 0x00000000d5700000|  0%| F|  |TAMS 0x00000000d5600000, 0x00000000d5600000| Untracked 
|  69|0x00000000d5700000, 0x00000000d5700000, 0x00000000d5800000|  0%| F|  |TAMS 0x00000000d5700000, 0x00000000d5700000| Untracked 
|  70|0x00000000d5800000, 0x00000000d5800000, 0x00000000d5900000|  0%| F|  |TAMS 0x00000000d5800000, 0x00000000d5800000| Untracked 
|  71|0x00000000d5900000, 0x00000000d5900000, 0x00000000d5a00000|  0%| F|  |TAMS 0x00000000d5900000, 0x00000000d5900000| Untracked 
|  72|0x00000000d5a00000, 0x00000000d5a00000, 0x00000000d5b00000|  0%| F|  |TAMS 0x00000000d5a00000, 0x00000000d5a00000| Untracked 
|  73|0x00000000d5b00000, 0x00000000d5b00000, 0x00000000d5c00000|  0%| F|  |TAMS 0x00000000d5b00000, 0x00000000d5b00000| Untracked 
|  74|0x00000000d5c00000, 0x00000000d5c00000, 0x00000000d5d00000|  0%| F|  |TAMS 0x00000000d5c00000, 0x00000000d5c00000| Untracked 
|  75|0x00000000d5d00000, 0x00000000d5d00000, 0x00000000d5e00000|  0%| F|  |TAMS 0x00000000d5d00000, 0x00000000d5d00000| Untracked 
|  76|0x00000000d5e00000, 0x00000000d5e00000, 0x00000000d5f00000|  0%| F|  |TAMS 0x00000000d5e00000, 0x00000000d5e00000| Untracked 
|  77|0x00000000d5f00000, 0x00000000d5f00000, 0x00000000d6000000|  0%| F|  |TAMS 0x00000000d5f00000, 0x00000000d5f00000| Untracked 
|  78|0x00000000d6000000, 0x00000000d6000000, 0x00000000d6100000|  0%| F|  |TAMS 0x00000000d6000000, 0x00000000d6000000| Untracked 
|  79|0x00000000d6100000, 0x00000000d6100000, 0x00000000d6200000|  0%| F|  |TAMS 0x00000000d6100000, 0x00000000d6100000| Untracked 
|  80|0x00000000d6200000, 0x00000000d6200000, 0x00000000d6300000|  0%| F|  |TAMS 0x00000000d6200000, 0x00000000d6200000| Untracked 
|  81|0x00000000d6300000, 0x00000000d6300000, 0x00000000d6400000|  0%| F|  |TAMS 0x00000000d6300000, 0x00000000d6300000| Untracked 
|  82|0x00000000d6400000, 0x00000000d6400000, 0x00000000d6500000|  0%| F|  |TAMS 0x00000000d6400000, 0x00000000d6400000| Untracked 
|  83|0x00000000d6500000, 0x00000000d6500000, 0x00000000d6600000|  0%| F|  |TAMS 0x00000000d6500000, 0x00000000d6500000| Untracked 
|  84|0x00000000d6600000, 0x00000000d6600000, 0x00000000d6700000|  0%| F|  |TAMS 0x00000000d6600000, 0x00000000d6600000| Untracked 
|  85|0x00000000d6700000, 0x00000000d6700000, 0x00000000d6800000|  0%| F|  |TAMS 0x00000000d6700000, 0x00000000d6700000| Untracked 
|  86|0x00000000d6800000, 0x00000000d6800000, 0x00000000d6900000|  0%| F|  |TAMS 0x00000000d6800000, 0x00000000d6800000| Untracked 
|  87|0x00000000d6900000, 0x00000000d6900000, 0x00000000d6a00000|  0%| F|  |TAMS 0x00000000d6900000, 0x00000000d6900000| Untracked 
|  88|0x00000000d6a00000, 0x00000000d6a00000, 0x00000000d6b00000|  0%| F|  |TAMS 0x00000000d6a00000, 0x00000000d6a00000| Untracked 
|  89|0x00000000d6b00000, 0x00000000d6b00000, 0x00000000d6c00000|  0%| F|  |TAMS 0x00000000d6b00000, 0x00000000d6b00000| Untracked 
|  90|0x00000000d6c00000, 0x00000000d6c00000, 0x00000000d6d00000|  0%| F|  |TAMS 0x00000000d6c00000, 0x00000000d6c00000| Untracked 
|  91|0x00000000d6d00000, 0x00000000d6d00000, 0x00000000d6e00000|  0%| F|  |TAMS 0x00000000d6d00000, 0x00000000d6d00000| Untracked 
|  92|0x00000000d6e00000, 0x00000000d6e00000, 0x00000000d6f00000|  0%| F|  |TAMS 0x00000000d6e00000, 0x00000000d6e00000| Untracked 
|  93|0x00000000d6f00000, 0x00000000d6f00000, 0x00000000d7000000|  0%| F|  |TAMS 0x00000000d6f00000, 0x00000000d6f00000| Untracked 
|  94|0x00000000d7000000, 0x00000000d7000000, 0x00000000d7100000|  0%| F|  |TAMS 0x00000000d7000000, 0x00000000d7000000| Untracked 
|  95|0x00000000d7100000, 0x00000000d7100000, 0x00000000d7200000|  0%| F|  |TAMS 0x00000000d7100000, 0x00000000d7100000| Untracked 
|  96|0x00000000d7200000, 0x00000000d7200000, 0x00000000d7300000|  0%| F|  |TAMS 0x00000000d7200000, 0x00000000d7200000| Untracked 
|  97|0x00000000d7300000, 0x00000000d7300000, 0x00000000d7400000|  0%| F|  |TAMS 0x00000000d7300000, 0x00000000d7300000| Untracked 
|  98|0x00000000d7400000, 0x00000000d7400000, 0x00000000d7500000|  0%| F|  |TAMS 0x00000000d7400000, 0x00000000d7400000| Untracked 
|  99|0x00000000d7500000, 0x00000000d75452e8, 0x00000000d7600000| 27%| E|  |TAMS 0x00000000d7500000, 0x00000000d7500000| Complete 
| 100|0x00000000d7600000, 0x00000000d7700000, 0x00000000d7700000|100%| E|CS|TAMS 0x00000000d7600000, 0x00000000d7600000| Complete 
| 101|0x00000000d7700000, 0x00000000d7800000, 0x00000000d7800000|100%| E|CS|TAMS 0x00000000d7700000, 0x00000000d7700000| Complete 
| 102|0x00000000d7800000, 0x00000000d7900000, 0x00000000d7900000|100%| E|CS|TAMS 0x00000000d7800000, 0x00000000d7800000| Complete 
| 103|0x00000000d7900000, 0x00000000d7a00000, 0x00000000d7a00000|100%| E|CS|TAMS 0x00000000d7900000, 0x00000000d7900000| Complete 
| 104|0x00000000d7a00000, 0x00000000d7b00000, 0x00000000d7b00000|100%| E|CS|TAMS 0x00000000d7a00000, 0x00000000d7a00000| Complete 
| 105|0x00000000d7b00000, 0x00000000d7c00000, 0x00000000d7c00000|100%| E|CS|TAMS 0x00000000d7b00000, 0x00000000d7b00000| Complete 
| 106|0x00000000d7c00000, 0x00000000d7d00000, 0x00000000d7d00000|100%| E|CS|TAMS 0x00000000d7c00000, 0x00000000d7c00000| Complete 
| 107|0x00000000d7d00000, 0x00000000d7e00000, 0x00000000d7e00000|100%| E|CS|TAMS 0x00000000d7d00000, 0x00000000d7d00000| Complete 
| 108|0x00000000d7e00000, 0x00000000d7f00000, 0x00000000d7f00000|100%| E|CS|TAMS 0x00000000d7e00000, 0x00000000d7e00000| Complete 
| 109|0x00000000d7f00000, 0x00000000d8000000, 0x00000000d8000000|100%| E|CS|TAMS 0x00000000d7f00000, 0x00000000d7f00000| Complete 
| 110|0x00000000d8000000, 0x00000000d8100000, 0x00000000d8100000|100%| E|CS|TAMS 0x00000000d8000000, 0x00000000d8000000| Complete 
| 111|0x00000000d8100000, 0x00000000d8200000, 0x00000000d8200000|100%| E|CS|TAMS 0x00000000d8100000, 0x00000000d8100000| Complete 
| 112|0x00000000d8200000, 0x00000000d8300000, 0x00000000d8300000|100%| E|CS|TAMS 0x00000000d8200000, 0x00000000d8200000| Complete 
| 113|0x00000000d8300000, 0x00000000d8400000, 0x00000000d8400000|100%| E|CS|TAMS 0x00000000d8300000, 0x00000000d8300000| Complete 
| 114|0x00000000d8400000, 0x00000000d8500000, 0x00000000d8500000|100%| E|CS|TAMS 0x00000000d8400000, 0x00000000d8400000| Complete 
| 115|0x00000000d8500000, 0x00000000d8600000, 0x00000000d8600000|100%| E|CS|TAMS 0x00000000d8500000, 0x00000000d8500000| Complete 
| 116|0x00000000d8600000, 0x00000000d8700000, 0x00000000d8700000|100%| E|CS|TAMS 0x00000000d8600000, 0x00000000d8600000| Complete 
| 117|0x00000000d8700000, 0x00000000d8800000, 0x00000000d8800000|100%| E|CS|TAMS 0x00000000d8700000, 0x00000000d8700000| Complete 
| 118|0x00000000d8800000, 0x00000000d8900000, 0x00000000d8900000|100%| E|CS|TAMS 0x00000000d8800000, 0x00000000d8800000| Complete 
| 119|0x00000000d8900000, 0x00000000d8a00000, 0x00000000d8a00000|100%| E|CS|TAMS 0x00000000d8900000, 0x00000000d8900000| Complete 
| 120|0x00000000d8a00000, 0x00000000d8b00000, 0x00000000d8b00000|100%| E|CS|TAMS 0x00000000d8a00000, 0x00000000d8a00000| Complete 
| 121|0x00000000d8b00000, 0x00000000d8c00000, 0x00000000d8c00000|100%| E|CS|TAMS 0x00000000d8b00000, 0x00000000d8b00000| Complete 
| 122|0x00000000d8c00000, 0x00000000d8d00000, 0x00000000d8d00000|100%| E|CS|TAMS 0x00000000d8c00000, 0x00000000d8c00000| Complete 
| 123|0x00000000d8d00000, 0x00000000d8e00000, 0x00000000d8e00000|100%| E|CS|TAMS 0x00000000d8d00000, 0x00000000d8d00000| Complete 
| 124|0x00000000d8e00000, 0x00000000d8f00000, 0x00000000d8f00000|100%| E|CS|TAMS 0x00000000d8e00000, 0x00000000d8e00000| Complete 
| 125|0x00000000d8f00000, 0x00000000d9000000, 0x00000000d9000000|100%| E|CS|TAMS 0x00000000d8f00000, 0x00000000d8f00000| Complete 
| 126|0x00000000d9000000, 0x00000000d9100000, 0x00000000d9100000|100%| E|CS|TAMS 0x00000000d9000000, 0x00000000d9000000| Complete 
| 127|0x00000000d9100000, 0x00000000d9200000, 0x00000000d9200000|100%| E|CS|TAMS 0x00000000d9100000, 0x00000000d9100000| Complete 

Card table byte_map: [0x000002ad70fd0000,0x000002ad71150000] _byte_map_base: 0x000002ad70947000

Marking Bits (Prev, Next): (CMBitMap*) 0x000002ad5e3e6160, (CMBitMap*) 0x000002ad5e3e61a0
 Prev Bits: [0x000002ad712d0000, 0x000002ad71e88000)
 Next Bits: [0x000002ad71e90000, 0x000002ad72a48000)

Polling page: 0x000002ad5c530000

Metaspace:

Usage:
  Non-class:     18.61 MB used.
      Class:      2.00 MB used.
       Both:     20.62 MB used.

Virtual space:
  Non-class space:       24.00 MB reserved,      18.75 MB ( 78%) committed,  3 nodes.
      Class space:        1.00 GB reserved,       2.12 MB ( <1%) committed,  1 nodes.
             Both:        1.02 GB reserved,      20.88 MB (  2%) committed. 

Chunk freelists:
   Non-Class:  1.23 MB
       Class:  1.88 MB
        Both:  3.11 MB

MaxMetaspaceSize: unlimited
CompressedClassSpaceSize: 1.00 GB
Initial GC threshold: 21.00 MB
Current GC threshold: 34.50 MB
CDS: off
MetaspaceReclaimPolicy: balanced
 - commit_granule_bytes: 65536.
 - commit_granule_words: 8192.
 - virtual_space_node_default_size: 1048576.
 - enlarge_chunks_in_place: 1.
 - new_chunks_are_fully_committed: 0.
 - uncommit_free_chunks: 1.
 - use_allocation_guard: 0.
 - handle_deallocations: 1.


Internal statistics:

num_allocs_failed_limit: 0.
num_arena_births: 494.
num_arena_deaths: 108.
num_vsnodes_births: 4.
num_vsnodes_deaths: 0.
num_space_committed: 334.
num_space_uncommitted: 0.
num_chunks_returned_to_freelist: 140.
num_chunks_taken_from_freelist: 959.
num_chunk_merges: 43.
num_chunk_splits: 488.
num_chunks_enlarged: 183.
num_purges: 2.
num_inconsistent_stats: 0.

CodeHeap 'non-profiled nmethods': size=120000Kb used=2642Kb max_used=2642Kb free=117357Kb
 bounds [0x000002ad695f0000, 0x000002ad69890000, 0x000002ad70b20000]
CodeHeap 'profiled nmethods': size=120000Kb used=7022Kb max_used=7022Kb free=112978Kb
 bounds [0x000002ad620c0000, 0x000002ad627a0000, 0x000002ad695f0000]
CodeHeap 'non-nmethods': size=5760Kb used=1238Kb max_used=1288Kb free=4521Kb
 bounds [0x000002ad61b20000, 0x000002ad61d90000, 0x000002ad620c0000]
 total_blobs=3935 nmethods=3379 adapters=468
 compilation: enabled
              stopped_count=0, restarted_count=0
 full_count=0

Compilation events (20 events):
Event: 8682.254 Thread 0x000002ad7600b190 nmethod 3377 0x000002ad62799410 code [0x000002ad627995a0, 0x000002ad627997f8]
Event: 8845.837 Thread 0x000002ad760090e0 3378 %     4       java.io.DataOutputStream::writeUTF @ 187 (411 bytes)
Event: 8845.843 Thread 0x000002ad760090e0 nmethod 3378% 0x000002ad69881e10 code [0x000002ad69881fc0, 0x000002ad69882628]
Event: 8846.159 Thread 0x000002ad760090e0 3379       4       org.postgresql.util.internal.Nullness::castNonNull (22 bytes)
Event: 8846.159 Thread 0x000002ad760090e0 nmethod 3379 0x000002ad69882a10 code [0x000002ad69882b80, 0x000002ad69882bd8]
Event: 8846.165 Thread 0x000002ad7600b190 3380       3       org.postgresql.jdbc.PgResultSetMetaData::getColumnTypeName (79 bytes)
Event: 8846.166 Thread 0x000002ad7600b190 nmethod 3380 0x000002ad62799910 code [0x000002ad62799be0, 0x000002ad6279a928]
Event: 8846.166 Thread 0x000002ad7600b190 3382       3       java.lang.CharacterDataLatin1::isDigit (18 bytes)
Event: 8846.166 Thread 0x000002ad7600b190 nmethod 3382 0x000002ad6279ae90 code [0x000002ad6279b020, 0x000002ad6279b1b8]
Event: 8846.166 Thread 0x000002ad7600b190 3381       3       org.postgresql.jdbc.PgResultSetMetaData::getPGType (23 bytes)
Event: 8846.166 Thread 0x000002ad7600b190 nmethod 3381 0x000002ad6279b290 code [0x000002ad6279b440, 0x000002ad6279b658]
Event: 9201.615 Thread 0x000002ad760090e0 3383       4       java.util.concurrent.ScheduledThreadPoolExecutor::triggerTime (22 bytes)
Event: 9201.616 Thread 0x000002ad760090e0 nmethod 3383 0x000002ad69882d10 code [0x000002ad69882e80, 0x000002ad69882f58]
Event: 9201.616 Thread 0x000002ad760090e0 3384   !   4       java.util.concurrent.ScheduledThreadPoolExecutor$DelayedWorkQueue::offer (123 bytes)
Event: 9201.653 Thread 0x000002ad760090e0 nmethod 3384 0x000002ad69883010 code [0x000002ad69883200, 0x000002ad69883c08]
Event: 9285.573 Thread 0x000002ad760090e0 3385       4       java.util.concurrent.ThreadPoolExecutor$Worker::unlock (7 bytes)
Event: 9285.574 Thread 0x000002ad760090e0 nmethod 3385 0x000002ad69884410 code [0x000002ad69884580, 0x000002ad69884678]
Event: 9366.590 Thread 0x000002ad760090e0 3386       4       java.util.concurrent.ThreadPoolExecutor$Worker::lock (6 bytes)
Event: 9366.592 Thread 0x000002ad760090e0 nmethod 3386 0x000002ad69884710 code [0x000002ad69884880, 0x000002ad698849f8]
Event: 9375.591 Thread 0x000002ad760090e0 3387   !   4       java.util.concurrent.ThreadPoolExecutor::getTask (177 bytes)

GC Heap History (16 events):
Event: 1.962 GC heap before
{Heap before GC invocations=0 (full 0):
 garbage-first heap   total 131072K, used 25600K [0x00000000d1200000, 0x0000000100000000)
  region size 1024K, 23 young (23552K), 0 survivors (0K)
 Metaspace       used 18594K, committed 18816K, reserved 1073152K
  class space    used 1883K, committed 1984K, reserved 1048576K
}
Event: 1.973 GC heap after
{Heap after GC invocations=1 (full 0):
 garbage-first heap   total 131072K, used 8192K [0x00000000d1200000, 0x0000000100000000)
  region size 1024K, 3 young (3072K), 3 survivors (3072K)
 Metaspace       used 18594K, committed 18816K, reserved 1073152K
  class space    used 1883K, committed 1984K, reserved 1048576K
}
Event: 20.874 GC heap before
{Heap before GC invocations=1 (full 0):
 garbage-first heap   total 131072K, used 31744K [0x00000000d1200000, 0x0000000100000000)
  region size 1024K, 26 young (26624K), 3 survivors (3072K)
 Metaspace       used 20255K, committed 20544K, reserved 1073152K
  class space    used 2026K, committed 2176K, reserved 1048576K
}
Event: 20.882 GC heap after
{Heap after GC invocations=2 (full 0):
 garbage-first heap   total 131072K, used 9827K [0x00000000d1200000, 0x0000000100000000)
  region size 1024K, 1 young (1024K), 1 survivors (1024K)
 Metaspace       used 20255K, committed 20544K, reserved 1073152K
  class space    used 2026K, committed 2176K, reserved 1048576K
}
Event: 651.942 GC heap before
{Heap before GC invocations=2 (full 0):
 garbage-first heap   total 131072K, used 60003K [0x00000000d1200000, 0x0000000100000000)
  region size 1024K, 50 young (51200K), 1 survivors (1024K)
 Metaspace       used 20714K, committed 20992K, reserved 1073152K
  class space    used 2042K, committed 2176K, reserved 1048576K
}
Event: 651.948 GC heap after
{Heap after GC invocations=3 (full 0):
 garbage-first heap   total 131072K, used 10661K [0x00000000d1200000, 0x0000000100000000)
  region size 1024K, 2 young (2048K), 2 survivors (2048K)
 Metaspace       used 20714K, committed 20992K, reserved 1073152K
  class space    used 2042K, committed 2176K, reserved 1048576K
}
Event: 2156.634 GC heap before
{Heap before GC invocations=3 (full 0):
 garbage-first heap   total 131072K, used 86437K [0x00000000d1200000, 0x0000000100000000)
  region size 1024K, 76 young (77824K), 2 survivors (2048K)
 Metaspace       used 20906K, committed 21184K, reserved 1073152K
  class space    used 2045K, committed 2176K, reserved 1048576K
}
Event: 2156.637 GC heap after
{Heap after GC invocations=4 (full 0):
 garbage-first heap   total 131072K, used 11206K [0x00000000d1200000, 0x0000000100000000)
  region size 1024K, 3 young (3072K), 3 survivors (3072K)
 Metaspace       used 20906K, committed 21184K, reserved 1073152K
  class space    used 2045K, committed 2176K, reserved 1048576K
}
Event: 3600.041 GC heap before
{Heap before GC invocations=4 (full 0):
 garbage-first heap   total 131072K, used 19398K [0x00000000d1200000, 0x0000000100000000)
  region size 1024K, 12 young (12288K), 3 survivors (3072K)
 Metaspace       used 20930K, committed 21184K, reserved 1073152K
  class space    used 2046K, committed 2176K, reserved 1048576K
}
Event: 3600.302 GC heap after
{Heap after GC invocations=5 (full 1):
 garbage-first heap   total 131072K, used 8792K [0x00000000d1200000, 0x0000000100000000)
  region size 1024K, 0 young (0K), 0 survivors (0K)
 Metaspace       used 20806K, committed 21184K, reserved 1073152K
  class space    used 2016K, committed 2176K, reserved 1048576K
}
Event: 6730.743 GC heap before
{Heap before GC invocations=5 (full 1):
 garbage-first heap   total 131072K, used 85592K [0x00000000d1200000, 0x0000000100000000)
  region size 1024K, 76 young (77824K), 0 survivors (0K)
 Metaspace       used 20969K, committed 21248K, reserved 1073152K
  class space    used 2042K, committed 2176K, reserved 1048576K
}
Event: 6730.799 GC heap after
{Heap after GC invocations=6 (full 1):
 garbage-first heap   total 131072K, used 10213K [0x00000000d1200000, 0x0000000100000000)
  region size 1024K, 2 young (2048K), 2 survivors (2048K)
 Metaspace       used 20969K, committed 21248K, reserved 1073152K
  class space    used 2042K, committed 2176K, reserved 1048576K
}
Event: 7200.343 GC heap before
{Heap before GC invocations=6 (full 1):
 garbage-first heap   total 131072K, used 42981K [0x00000000d1200000, 0x0000000100000000)
  region size 1024K, 35 young (35840K), 2 survivors (2048K)
 Metaspace       used 21041K, committed 21312K, reserved 1073152K
  class space    used 2049K, committed 2176K, reserved 1048576K
}
Event: 7200.930 GC heap after
{Heap after GC invocations=7 (full 2):
 garbage-first heap   total 131072K, used 9604K [0x00000000d1200000, 0x0000000100000000)
  region size 1024K, 0 young (0K), 0 survivors (0K)
 Metaspace       used 21041K, committed 21312K, reserved 1073152K
  class space    used 2049K, committed 2176K, reserved 1048576K
}
Event: 7471.115 GC heap before
{Heap before GC invocations=7 (full 2):
 garbage-first heap   total 131072K, used 87428K [0x00000000d1200000, 0x0000000100000000)
  region size 1024K, 76 young (77824K), 0 survivors (0K)
 Metaspace       used 21079K, committed 21376K, reserved 1073152K
  class space    used 2052K, committed 2176K, reserved 1048576K
}
Event: 7471.137 GC heap after
{Heap after GC invocations=8 (full 2):
 garbage-first heap   total 131072K, used 10762K [0x00000000d1200000, 0x0000000100000000)
  region size 1024K, 2 young (2048K), 2 survivors (2048K)
 Metaspace       used 21079K, committed 21376K, reserved 1073152K
  class space    used 2052K, committed 2176K, reserved 1048576K
}

Dll operation events (1 events):
Event: 0.011 Loaded shared library C:\Program Files\JetBrains\IntelliJ IDEA 2022.3.1\jbr\bin\java.dll

Deoptimization events (20 events):
Event: 6871.187 Thread 0x000002ad76882680 Uncommon trap: trap_request=0xffffff45 fr.pc=0x000002ad696f15c0 relative=0x0000000000000140
Event: 6871.187 Thread 0x000002ad76882680 Uncommon trap: reason=unstable_if action=reinterpret pc=0x000002ad696f15c0 method=java.util.concurrent.locks.ReentrantLock$NonfairSync.initialTryLock()Z @ 10 c2
Event: 6871.187 Thread 0x000002ad76882680 DEOPT PACKING pc=0x000002ad696f15c0 sp=0x000000c1755ff130
Event: 6871.187 Thread 0x000002ad76882680 DEOPT UNPACKING pc=0x000002ad61b723a3 sp=0x000000c1755ff020 mode 2
Event: 7247.041 Thread 0x000002ad7687f190 DEOPT PACKING pc=0x000002ad6275f294 sp=0x000000c1754fe250
Event: 7247.041 Thread 0x000002ad7687f190 DEOPT UNPACKING pc=0x000002ad61b72b43 sp=0x000000c1754fd840 mode 0
Event: 7247.522 Thread 0x000002ad7687f190 DEOPT PACKING pc=0x000002ad6275f294 sp=0x000000c1754fe250
Event: 7247.522 Thread 0x000002ad7687f190 DEOPT UNPACKING pc=0x000002ad61b72b43 sp=0x000000c1754fd840 mode 0
Event: 7263.155 Thread 0x000002ad7687f190 DEOPT PACKING pc=0x000002ad6275f294 sp=0x000000c1754fe250
Event: 7263.155 Thread 0x000002ad7687f190 DEOPT UNPACKING pc=0x000002ad61b72b43 sp=0x000000c1754fd840 mode 0
Event: 7265.065 Thread 0x000002ad7687f190 DEOPT PACKING pc=0x000002ad6275f294 sp=0x000000c1754fe250
Event: 7265.065 Thread 0x000002ad7687f190 DEOPT UNPACKING pc=0x000002ad61b72b43 sp=0x000000c1754fd840 mode 0
Event: 7265.515 Thread 0x000002ad768821b0 DEOPT PACKING pc=0x000002ad6275f294 sp=0x000000c1755fe250
Event: 7265.515 Thread 0x000002ad768821b0 DEOPT UNPACKING pc=0x000002ad61b72b43 sp=0x000000c1755fd840 mode 0
Event: 7309.931 Thread 0x000002ad7687f190 DEOPT PACKING pc=0x000002ad6275f294 sp=0x000000c1754fe250
Event: 7309.931 Thread 0x000002ad7687f190 DEOPT UNPACKING pc=0x000002ad61b72b43 sp=0x000000c1754fd840 mode 0
Event: 7318.060 Thread 0x000002ad768821b0 Uncommon trap: trap_request=0xffffffc6 fr.pc=0x000002ad696a468c relative=0x000000000000086c
Event: 7318.060 Thread 0x000002ad768821b0 Uncommon trap: reason=bimorphic_or_optimized_type_check action=maybe_recompile pc=0x000002ad696a468c method=java.io.BufferedInputStream.read([BII)I @ 101 c2
Event: 7318.060 Thread 0x000002ad768821b0 DEOPT PACKING pc=0x000002ad696a468c sp=0x000000c1755fe350
Event: 7318.060 Thread 0x000002ad768821b0 DEOPT UNPACKING pc=0x000002ad61b723a3 sp=0x000000c1755fe308 mode 2

Classes unloaded (20 events):
Event: 3600.129 Thread 0x000002ad7546ac60 Unloading class 0x0000000100140c00 'java/lang/invoke/LambdaForm$MH+0x0000000100140c00'
Event: 3600.129 Thread 0x000002ad7546ac60 Unloading class 0x0000000100140000 'java/lang/invoke/LambdaForm$DMH+0x0000000100140000'
Event: 3600.129 Thread 0x000002ad7546ac60 Unloading class 0x000000010008a800 'java/lang/invoke/LambdaForm$DMH+0x000000010008a800'
Event: 3600.129 Thread 0x000002ad7546ac60 Unloading class 0x0000000100089800 'java/lang/invoke/LambdaForm$MH+0x0000000100089800'
Event: 3600.129 Thread 0x000002ad7546ac60 Unloading class 0x0000000100089400 'java/lang/invoke/LambdaForm$MH+0x0000000100089400'
Event: 3600.129 Thread 0x000002ad7546ac60 Unloading class 0x0000000100088c00 'java/lang/invoke/LambdaForm$MH+0x0000000100088c00'
Event: 3600.129 Thread 0x000002ad7546ac60 Unloading class 0x0000000100088400 'java/lang/invoke/LambdaForm$MH+0x0000000100088400'
Event: 3600.129 Thread 0x000002ad7546ac60 Unloading class 0x0000000100088000 'java/lang/invoke/LambdaForm$MH+0x0000000100088000'
Event: 3600.129 Thread 0x000002ad7546ac60 Unloading class 0x0000000100087c00 'java/lang/invoke/LambdaForm$MH+0x0000000100087c00'
Event: 3600.129 Thread 0x000002ad7546ac60 Unloading class 0x0000000100087800 'java/lang/invoke/LambdaForm$MH+0x0000000100087800'
Event: 3600.129 Thread 0x000002ad7546ac60 Unloading class 0x0000000100087400 'java/lang/invoke/LambdaForm$MH+0x0000000100087400'
Event: 3600.129 Thread 0x000002ad7546ac60 Unloading class 0x0000000100087000 'java/lang/invoke/LambdaForm$MH+0x0000000100087000'
Event: 3600.129 Thread 0x000002ad7546ac60 Unloading class 0x0000000100086c00 'java/lang/invoke/LambdaForm$MH+0x0000000100086c00'
Event: 3600.129 Thread 0x000002ad7546ac60 Unloading class 0x0000000100086800 'java/lang/invoke/LambdaForm$MH+0x0000000100086800'
Event: 3600.129 Thread 0x000002ad7546ac60 Unloading class 0x0000000100086000 'java/lang/invoke/LambdaForm$MH+0x0000000100086000'
Event: 3600.129 Thread 0x000002ad7546ac60 Unloading class 0x0000000100085800 'java/lang/invoke/LambdaForm$MH+0x0000000100085800'
Event: 3600.130 Thread 0x000002ad7546ac60 Unloading class 0x0000000100085400 'java/lang/invoke/LambdaForm$MH+0x0000000100085400'
Event: 3600.130 Thread 0x000002ad7546ac60 Unloading class 0x0000000100084c00 'java/lang/invoke/LambdaForm$MH+0x0000000100084c00'
Event: 3600.130 Thread 0x000002ad7546ac60 Unloading class 0x0000000100084800 'java/lang/invoke/LambdaForm$MH+0x0000000100084800'
Event: 3600.130 Thread 0x000002ad7546ac60 Unloading class 0x0000000100084000 'java/lang/invoke/LambdaForm$MH+0x0000000100084000'

Classes redefined (0 events):
No events

Internal exceptions (20 events):
Event: 1.483 Thread 0x000002ad7687f660 Exception <a 'java/lang/NoSuchMethodError'{0x00000000d7e8bbc0}: 'java.lang.Object java.lang.invoke.DirectMethodHandle$Holder.newInvokeSpecial(java.lang.Object, java.lang.Object, int)'> (0x00000000d7e8bbc0) 
thrown [s\src\hotspot\share\interpreter\linkResolver.cpp, line 771]
Event: 2.048 Thread 0x000002ad7687f660 Exception <a 'java/lang/NoSuchMethodError'{0x00000000d90f2220}: static [Ljava/lang/Object;.<clinit>()V> (0x00000000d90f2220) 
thrown [s\src\hotspot\share\prims\jni.cpp, line 1108]
Event: 2.196 Thread 0x000002ad7687f660 Exception <a 'java/lang/NoSuchMethodError'{0x00000000d8f8e4a8}: static Lcom/intellij/database/remote/jdbc/RemoteResultSet$DataRetrievingOptions;.<clinit>()V> (0x00000000d8f8e4a8) 
thrown [s\src\hotspot\share\prims\jni.cpp, line 1108]
Event: 6.188 Thread 0x000002ad7687f660 Exception <a 'java/lang/NoSuchMethodError'{0x00000000d8fe6728}: 'void java.lang.invoke.DirectMethodHandle$Holder.invokeSpecial(java.lang.Object, java.lang.Object, java.lang.Object)'> (0x00000000d8fe6728) 
thrown [s\src\hotspot\share\interpreter\linkResolver.cpp, line 771]
Event: 12.171 Thread 0x000002ad7687f660 Exception <a 'java/lang/NoSuchMethodError'{0x00000000d8c5b328}: static Lcom/intellij/database/remote/jdba/core/ConnectionInfo;.<clinit>()V> (0x00000000d8c5b328) 
thrown [s\src\hotspot\share\prims\jni.cpp, line 1108]
Event: 12.172 Thread 0x000002ad7687f660 Exception <a 'java/lang/NoSuchMethodError'{0x00000000d8c656e0}: static Ljava/lang/Object;.<clinit>()V> (0x00000000d8c656e0) 
thrown [s\src\hotspot\share\prims\jni.cpp, line 1108]
Event: 12.172 Thread 0x000002ad7687f660 Exception <a 'java/lang/NoSuchMethodError'{0x00000000d8c69230}: static [I.<clinit>()V> (0x00000000d8c69230) 
thrown [s\src\hotspot\share\prims\jni.cpp, line 1108]
Event: 12.315 Thread 0x000002ad7687f660 Exception <a 'java/lang/NoSuchMethodError'{0x00000000d8b96788}: static Lcom/intellij/database/remote/jdba/core/ResultLayout;.<clinit>()V> (0x00000000d8b96788) 
thrown [s\src\hotspot\share\prims\jni.cpp, line 1108]
Event: 12.317 Thread 0x000002ad7687f660 Exception <a 'java/lang/NoSuchMethodError'{0x00000000d8ba2e58}: static Lcom/intellij/database/remote/jdba/core/RowLayout;.<clinit>()V> (0x00000000d8ba2e58) 
thrown [s\src\hotspot\share\prims\jni.cpp, line 1108]
Event: 12.321 Thread 0x000002ad7687f660 Exception <a 'java/lang/NoSuchMethodError'{0x00000000d8baf670}: static Lcom/intellij/database/remote/jdba/util/NameAndClass;.<clinit>()V> (0x00000000d8baf670) 
thrown [s\src\hotspot\share\prims\jni.cpp, line 1108]
Event: 16.294 Thread 0x000002ad7687f660 Exception <a 'java/lang/NoSuchMethodError'{0x00000000d85c9708}: static [Ljava/lang/String;.<clinit>()V> (0x00000000d85c9708) 
thrown [s\src\hotspot\share\prims\jni.cpp, line 1108]
Event: 20.882 Thread 0x000002ad76882b50 Implicit null exception at 0x000002ad696cad34 to 0x000002ad696cb030
Event: 21.360 Thread 0x000002ad7687f660 Exception <a 'java/lang/NoSuchMethodError'{0x00000000d8e7b050}: static [J.<clinit>()V> (0x00000000d8e7b050) 
thrown [s\src\hotspot\share\prims\jni.cpp, line 1108]
Event: 636.965 Thread 0x000002ad76882680 Implicit null exception at 0x000002ad6976cbf2 to 0x000002ad69772d5c
Event: 6624.664 Thread 0x000002ad768821b0 Implicit null exception at 0x000002ad69805a36 to 0x000002ad698063a0
Event: 6624.671 Thread 0x000002ad768821b0 Implicit null exception at 0x000002ad69725db5 to 0x000002ad69726498
Event: 6624.948 Thread 0x000002ad768821b0 Exception <a 'java/lang/NoSuchMethodError'{0x00000000d8a52c60}: static Lcom/intellij/database/remote/jdba/core/ConnectionInfo;.<clinit>()V> (0x00000000d8a52c60) 
thrown [s\src\hotspot\share\prims\jni.cpp, line 1108]
Event: 6624.968 Thread 0x000002ad768821b0 Exception <a 'java/lang/NoSuchMethodError'{0x00000000d8a5d180}: static Ljava/lang/Object;.<clinit>()V> (0x00000000d8a5d180) 
thrown [s\src\hotspot\share\prims\jni.cpp, line 1108]
Event: 6624.968 Thread 0x000002ad768821b0 Exception <a 'java/lang/NoSuchMethodError'{0x00000000d8a60b70}: static [I.<clinit>()V> (0x00000000d8a60b70) 
thrown [s\src\hotspot\share\prims\jni.cpp, line 1108]
Event: 6785.885 Thread 0x000002ad76882680 Exception <a 'java/lang/NoSuchMethodError'{0x00000000d7e82bd0}: static [Ljava/lang/String;.<clinit>()V> (0x00000000d7e82bd0) 
thrown [s\src\hotspot\share\prims\jni.cpp, line 1108]

VM Operations (20 events):
Event: 7408.709 Executing VM operation: Cleanup
Event: 7408.725 Executing VM operation: Cleanup done
Event: 7409.738 Executing VM operation: Cleanup
Event: 7409.738 Executing VM operation: Cleanup done
Event: 7410.743 Executing VM operation: Cleanup
Event: 7410.743 Executing VM operation: Cleanup done
Event: 7416.816 Executing VM operation: Cleanup
Event: 7416.816 Executing VM operation: Cleanup done
Event: 7470.309 Executing VM operation: Cleanup
Event: 7470.309 Executing VM operation: Cleanup done
Event: 7471.115 Executing VM operation: G1CollectForAllocation
Event: 7471.146 Executing VM operation: G1CollectForAllocation done
Event: 7472.148 Executing VM operation: Cleanup
Event: 7472.148 Executing VM operation: Cleanup done
Event: 7473.149 Executing VM operation: Cleanup
Event: 7473.149 Executing VM operation: Cleanup done
Event: 8846.364 Executing VM operation: Cleanup
Event: 8846.365 Executing VM operation: Cleanup done
Event: 8856.487 Executing VM operation: Cleanup
Event: 8856.487 Executing VM operation: Cleanup done

Events (20 events):
Event: 8850.462 Thread 0x000002ad768809a0 Thread added: 0x000002ad768809a0
Event: 8850.463 Thread 0x000002ad7687fb30 Thread exited: 0x000002ad7687fb30
Event: 8850.463 Thread 0x000002ad7687f660 Thread exited: 0x000002ad7687f660
Event: 8850.464 Thread 0x000002ad76880000 Thread exited: 0x000002ad76880000
Event: 8850.464 Thread 0x000002ad76882680 Thread exited: 0x000002ad76882680
Event: 8850.464 Thread 0x000002ad768821b0 Thread exited: 0x000002ad768821b0
Event: 8850.464 Thread 0x000002ad76880e70 Thread exited: 0x000002ad76880e70
Event: 8850.464 Thread 0x000002ad768809a0 Thread exited: 0x000002ad768809a0
Event: 8967.674 Thread 0x000002ad768821b0 Thread added: 0x000002ad768821b0
Event: 8967.674 Thread 0x000002ad7687f190 Thread added: 0x000002ad7687f190
Event: 8967.675 Thread 0x000002ad76880000 Thread added: 0x000002ad76880000
Event: 8967.675 Thread 0x000002ad76882680 Thread added: 0x000002ad76882680
Event: 8967.675 Thread 0x000002ad7687f660 Thread added: 0x000002ad7687f660
Event: 8967.675 Thread 0x000002ad768809a0 Thread added: 0x000002ad768809a0
Event: 8967.675 Thread 0x000002ad7687f190 Thread exited: 0x000002ad7687f190
Event: 8967.675 Thread 0x000002ad76880000 Thread exited: 0x000002ad76880000
Event: 8967.675 Thread 0x000002ad768821b0 Thread exited: 0x000002ad768821b0
Event: 8967.675 Thread 0x000002ad76882680 Thread exited: 0x000002ad76882680
Event: 8967.675 Thread 0x000002ad7687f660 Thread exited: 0x000002ad7687f660
Event: 8967.676 Thread 0x000002ad768809a0 Thread exited: 0x000002ad768809a0


Dynamic libraries:
0x00007ff6f3b80000 - 0x00007ff6f3b8a000 	C:\Program Files\JetBrains\IntelliJ IDEA 2022.3.1\jbr\bin\java.exe
0x00007ffc5bfd0000 - 0x00007ffc5c1c8000 	C:\WINDOWS\SYSTEM32\ntdll.dll
0x00007ffc5a420000 - 0x00007ffc5a4df000 	C:\WINDOWS\System32\KERNEL32.DLL
0x00007ffc59bc0000 - 0x00007ffc59e92000 	C:\WINDOWS\System32\KERNELBASE.dll
0x00007ffc599c0000 - 0x00007ffc59ac0000 	C:\WINDOWS\System32\ucrtbase.dll
0x00007ffc47580000 - 0x00007ffc47597000 	C:\Program Files\JetBrains\IntelliJ IDEA 2022.3.1\jbr\bin\jli.dll
0x00007ffc5a270000 - 0x00007ffc5a411000 	C:\WINDOWS\System32\USER32.dll
0x00007ffc35dc0000 - 0x00007ffc35ddb000 	C:\Program Files\JetBrains\IntelliJ IDEA 2022.3.1\jbr\bin\VCRUNTIME140.dll
0x00007ffc59760000 - 0x00007ffc59782000 	C:\WINDOWS\System32\win32u.dll
0x00007ffc5bcf0000 - 0x00007ffc5bd1b000 	C:\WINDOWS\System32\GDI32.dll
0x00007ffc441e0000 - 0x00007ffc4447a000 	C:\WINDOWS\WinSxS\amd64_microsoft.windows.common-controls_6595b64144ccf1df_6.0.19041.1110_none_60b5254171f9507e\COMCTL32.dll
0x00007ffc59ea0000 - 0x00007ffc59faf000 	C:\WINDOWS\System32\gdi32full.dll
0x00007ffc5aaf0000 - 0x00007ffc5ab8e000 	C:\WINDOWS\System32\msvcrt.dll
0x00007ffc59790000 - 0x00007ffc5982d000 	C:\WINDOWS\System32\msvcp_win.dll
0x00007ffc5a740000 - 0x00007ffc5a770000 	C:\WINDOWS\System32\IMM32.DLL
0x00007ffc474b0000 - 0x00007ffc474bc000 	C:\Program Files\JetBrains\IntelliJ IDEA 2022.3.1\jbr\bin\vcruntime140_1.dll
0x00007ffc29f90000 - 0x00007ffc2a01d000 	C:\Program Files\JetBrains\IntelliJ IDEA 2022.3.1\jbr\bin\msvcp140.dll
0x00007ffbe4ef0000 - 0x00007ffbe5b5b000 	C:\Program Files\JetBrains\IntelliJ IDEA 2022.3.1\jbr\bin\server\jvm.dll
0x00007ffc5bdf0000 - 0x00007ffc5be9e000 	C:\WINDOWS\System32\ADVAPI32.dll
0x00007ffc5a1d0000 - 0x00007ffc5a26c000 	C:\WINDOWS\System32\sechost.dll
0x00007ffc5a4e0000 - 0x00007ffc5a604000 	C:\WINDOWS\System32\RPCRT4.dll
0x00007ffc52750000 - 0x00007ffc5275a000 	C:\WINDOWS\SYSTEM32\VERSION.dll
0x00007ffc42860000 - 0x00007ffc42869000 	C:\WINDOWS\SYSTEM32\WSOCK32.dll
0x00007ffc4f260000 - 0x00007ffc4f287000 	C:\WINDOWS\SYSTEM32\WINMM.dll
0x00007ffc5aa80000 - 0x00007ffc5aaeb000 	C:\WINDOWS\System32\WS2_32.dll
0x00007ffc57570000 - 0x00007ffc57582000 	C:\WINDOWS\SYSTEM32\kernel.appcore.dll
0x00007ffc53230000 - 0x00007ffc5323a000 	C:\Program Files\JetBrains\IntelliJ IDEA 2022.3.1\jbr\bin\jimage.dll
0x00007ffc56b50000 - 0x00007ffc56d34000 	C:\WINDOWS\SYSTEM32\DBGHELP.DLL
0x00007ffc40fb0000 - 0x00007ffc40fe5000 	C:\WINDOWS\SYSTEM32\dbgcore.DLL
0x00007ffc596d0000 - 0x00007ffc59752000 	C:\WINDOWS\System32\bcryptPrimitives.dll
0x00007ffc4c6c0000 - 0x00007ffc4c6e5000 	C:\Program Files\JetBrains\IntelliJ IDEA 2022.3.1\jbr\bin\java.dll
0x00007ffc52080000 - 0x00007ffc52098000 	C:\Program Files\JetBrains\IntelliJ IDEA 2022.3.1\jbr\bin\zip.dll
0x00007ffc5b590000 - 0x00007ffc5bcd5000 	C:\WINDOWS\System32\SHELL32.dll
0x00007ffc57770000 - 0x00007ffc57f02000 	C:\WINDOWS\SYSTEM32\windows.storage.dll
0x00007ffc5b230000 - 0x00007ffc5b585000 	C:\WINDOWS\System32\combase.dll
0x00007ffc59050000 - 0x00007ffc59080000 	C:\WINDOWS\SYSTEM32\Wldp.dll
0x00007ffc5ab90000 - 0x00007ffc5ac3d000 	C:\WINDOWS\System32\SHCORE.dll
0x00007ffc5a790000 - 0x00007ffc5a7e5000 	C:\WINDOWS\System32\shlwapi.dll
0x00007ffc59610000 - 0x00007ffc5962f000 	C:\WINDOWS\SYSTEM32\profapi.dll
0x00007ffc51a20000 - 0x00007ffc51a39000 	C:\Program Files\JetBrains\IntelliJ IDEA 2022.3.1\jbr\bin\net.dll
0x00007ffc53530000 - 0x00007ffc5363a000 	C:\WINDOWS\SYSTEM32\WINHTTP.dll
0x00007ffc58e30000 - 0x00007ffc58e9a000 	C:\WINDOWS\system32\mswsock.dll
0x00007ffc51720000 - 0x00007ffc51736000 	C:\Program Files\JetBrains\IntelliJ IDEA 2022.3.1\jbr\bin\nio.dll
0x00007ffc10570000 - 0x00007ffc10703000 	C:\Program Files\JetBrains\IntelliJ IDEA 2022.3.1\jbr\bin\awt.dll
0x00007ffc5bd20000 - 0x00007ffc5bded000 	C:\WINDOWS\System32\OLEAUT32.dll
0x00007ffc57390000 - 0x00007ffc573bf000 	C:\WINDOWS\SYSTEM32\dwmapi.dll
0x00007ffc56d70000 - 0x00007ffc56e00000 	C:\WINDOWS\SYSTEM32\apphelp.dll
0x00007ffc570a0000 - 0x00007ffc5713e000 	C:\WINDOWS\system32\uxtheme.dll
0x00007ffc5ac40000 - 0x00007ffc5ad54000 	C:\WINDOWS\System32\MSCTF.dll
0x00007ffc5a610000 - 0x00007ffc5a73a000 	C:\WINDOWS\System32\ole32.dll
0x00007ffc58af0000 - 0x00007ffc58b2b000 	C:\WINDOWS\SYSTEM32\IPHLPAPI.DLL
0x00007ffc5a980000 - 0x00007ffc5a988000 	C:\WINDOWS\System32\NSI.dll
0x00007ffc527e0000 - 0x00007ffc527f7000 	C:\WINDOWS\SYSTEM32\dhcpcsvc6.DLL
0x00007ffc52960000 - 0x00007ffc5297d000 	C:\WINDOWS\SYSTEM32\dhcpcsvc.DLL
0x00007ffc58b40000 - 0x00007ffc58c0b000 	C:\WINDOWS\SYSTEM32\DNSAPI.dll
0x00007ffc59390000 - 0x00007ffc593a8000 	C:\WINDOWS\SYSTEM32\CRYPTSP.dll
0x00007ffc58700000 - 0x00007ffc58734000 	C:\WINDOWS\system32\rsaenh.dll
0x00007ffc59990000 - 0x00007ffc599b7000 	C:\WINDOWS\System32\bcrypt.dll
0x00007ffc595d0000 - 0x00007ffc595fe000 	C:\WINDOWS\SYSTEM32\USERENV.dll
0x00007ffc58fc0000 - 0x00007ffc58fcc000 	C:\WINDOWS\SYSTEM32\CRYPTBASE.dll
0x00007ffc3b130000 - 0x00007ffc3b137000 	C:\Program Files\JetBrains\IntelliJ IDEA 2022.3.1\jbr\bin\rmi.dll
0x00007ffc4c6b0000 - 0x00007ffc4c6b9000 	C:\Program Files\JetBrains\IntelliJ IDEA 2022.3.1\jbr\bin\management.dll
0x00007ffc4c6a0000 - 0x00007ffc4c6ab000 	C:\Program Files\JetBrains\IntelliJ IDEA 2022.3.1\jbr\bin\management_ext.dll
0x00007ffc5aa70000 - 0x00007ffc5aa78000 	C:\WINDOWS\System32\PSAPI.DLL
0x00007ffc4c590000 - 0x00007ffc4c59e000 	C:\Program Files\JetBrains\IntelliJ IDEA 2022.3.1\jbr\bin\sunmscapi.dll
0x00007ffc59830000 - 0x00007ffc59986000 	C:\WINDOWS\System32\CRYPT32.dll
0x00007ffc590c0000 - 0x00007ffc590e7000 	C:\WINDOWS\SYSTEM32\ncrypt.dll
0x00007ffc59080000 - 0x00007ffc590bb000 	C:\WINDOWS\SYSTEM32\NTASN1.dll

dbghelp: loaded successfully - version: 4.0.5 - missing functions: none
symbol engine: initialized successfully - sym options: 0x614 - pdb path: .;C:\Program Files\JetBrains\IntelliJ IDEA 2022.3.1\jbr\bin;C:\WINDOWS\SYSTEM32;C:\WINDOWS\WinSxS\amd64_microsoft.windows.common-controls_6595b64144ccf1df_6.0.19041.1110_none_60b5254171f9507e;C:\Program Files\JetBrains\IntelliJ IDEA 2022.3.1\jbr\bin\server

VM Arguments:
jvm_args: -Dawt.toolkit=com.intellij.desktop.DesktopActionsToolkit -Djava.rmi.server.hostname=127.0.0.1 -Duser.timezone=UTC -Xmx750m -Xms128m --add-exports=java.desktop/sun.awt=ALL-UNNAMED --add-exports=java.desktop/java.awt.peer=ALL-UNNAMED --add-opens=java.desktop/java.awt=ALL-UNNAMED --add-opens=jdk.unsupported/sun.misc=ALL-UNNAMED --add-opens=java.base/java.nio=ALL-UNNAMED --add-opens=java.base/java.util=ALL-UNNAMED -Dfile.encoding=UTF-8 
java_command: com.intellij.database.remote.RemoteJdbcServer org.postgresql.Driver
java_class_path (initial): C:\Program Files\JetBrains\IntelliJ IDEA 2022.3.1\lib\util_rt.jar;C:\Program Files\JetBrains\IntelliJ IDEA 2022.3.1\lib\3rd-party-rt.jar;C:\Program Files\JetBrains\IntelliJ IDEA 2022.3.1\lib\groovy.jar;C:\Program Files\JetBrains\IntelliJ IDEA 2022.3.1\plugins\DatabaseTools\lib\jdbc-console.jar;C:\Program Files\JetBrains\IntelliJ IDEA 2022.3.1\plugins\grid-core-impl\lib\jdbc-console-types.jar;C:\Users\asayke\AppData\Roaming\JetBrains\IntelliJIdea2022.3\jdbc-drivers\PostgreSQL\42.5.0\org\postgresql\postgresql\42.5.0\postgresql-42.5.0.jar;C:\Users\asayke\AppData\Roaming\JetBrains\IntelliJIdea2022.3\jdbc-drivers\PostgreSQL\42.5.0\org\checkerframework\checker-qual\3.5.0\checker-qual-3.5.0.jar;C:\Users\asayke\AppData\Roaming\JetBrains\IntelliJIdea2022.3\jdbc-drivers\PostgreSQL\42.5.0\net\java\dev\jna\jna-platform\4.5.1\jna-platform-4.5.1.jar;C:\Users\asayke\AppData\Roaming\JetBrains\IntelliJIdea2022.3\jdbc-drivers\PostgreSQL\42.5.0\net\java\dev\jna\jna\4.5.1\jna-4.5.1.jar;C:\Users\asayke\AppData\Roaming\JetBrains\IntelliJIdea2022.3\jdbc-drivers\PostgreSQL\42.5.0\com\github\waffle\waffle-jna\1.9.1\waffle-jna-1.9.1.jar;C:\Users\asayke\AppData\Roaming\JetBrains\IntelliJIdea2022.3\jdbc-drivers\PostgreSQL\42.5.0\org\slf4j\jcl-over-slf4j\1.7.25\jcl-over-slf4j-1.7.25.jar;C:\Users\asayke\AppData\Roaming\JetBrains\IntelliJIdea2022.3\jdbc-drivers\PostgreSQL\42.5.0\org\slf4j\slf4j-api\1.7.25\slf4j-api-1.7.25.jar;C:\Users\asayke\AppData\Roaming\JetBrains\IntelliJIdea2022.3\jdbc-drivers\PostgreSQL\42.5.0\com\github\ben-manes\caffeine\caffeine\2.6.2\caffeine-2.6.2.jar
Launcher Type: SUN_STANDARD

[Global flags]
     intx CICompilerCount                          = 4                                         {product} {ergonomic}
     uint ConcGCThreads                            = 2                                         {product} {ergonomic}
     uint G1ConcRefinementThreads                  = 8                                         {product} {ergonomic}
   size_t G1HeapRegionSize                         = 1048576                                   {product} {ergonomic}
    uintx GCDrainStackTargetSize                   = 64                                        {product} {ergonomic}
   size_t InitialHeapSize                          = 134217728                                 {product} {command line}
   size_t MarkStackSize                            = 4194304                                   {product} {ergonomic}
   size_t MaxHeapSize                              = 786432000                                 {product} {command line}
   size_t MaxNewSize                               = 471859200                                 {product} {ergonomic}
   size_t MinHeapDeltaBytes                        = 1048576                                   {product} {ergonomic}
   size_t MinHeapSize                              = 134217728                                 {product} {command line}
    uintx NonNMethodCodeHeapSize                   = 5839372                                {pd product} {ergonomic}
    uintx NonProfiledCodeHeapSize                  = 122909434                              {pd product} {ergonomic}
    uintx ProfiledCodeHeapSize                     = 122909434                              {pd product} {ergonomic}
    uintx ReservedCodeCacheSize                    = 251658240                              {pd product} {ergonomic}
     bool SegmentedCodeCache                       = true                                      {product} {ergonomic}
   size_t SoftMaxHeapSize                          = 786432000                              {manageable} {ergonomic}
     bool UseCompressedClassPointers               = true                           {product lp64_product} {ergonomic}
     bool UseCompressedOops                        = true                           {product lp64_product} {ergonomic}
     bool UseG1GC                                  = true                                      {product} {ergonomic}
     bool UseLargePagesIndividualAllocation        = false                                  {pd product} {ergonomic}

Logging:
Log output configuration:
 #0: stdout all=warning uptime,level,tags
 #1: stderr all=off uptime,level,tags

Environment Variables:
PATH=C:\Program Files (x86)\Common Files\Oracle\Java\javapath;C:\Windows\system32;C:\Windows;C:\Windows\System32\Wbem;C:\Windows\System32\WindowsPowerShell\v1.0\;C:\Windows\System32\OpenSSH\;C:\Program Files\NVIDIA Corporation\NVIDIA NvDLISR;C:\WINDOWS\system32;C:\WINDOWS;C:\WINDOWS\System32\Wbem;C:\WINDOWS\System32\WindowsPowerShell\v1.0\;C:\WINDOWS\System32\OpenSSH\;C:\Program Files (x86)\NVIDIA Corporation\PhysX\Common;C:\Program Files\Azure Data Studio\bin;C:\Program Files\Git\cmd;C:\Program Files\Docker\Docker\resources\bin;C:\Program Files\nodejs\;C:\Program Files\dotnet\;C:\Program Files\PuTTY\;C:\Program Files\MySQL\MySQL Shell 8.0\bin\;C:\Users\asayke\AppData\Local\Microsoft\WindowsApps;C:\Users\asayke\AppData\Local\GitHubDesktop\bin;C:\Users\asayke\.dotnet\tools;C:\Program Files\Azure Data Studio\bin;E:\Microsoft VS Code\bin;C:\Users\asayke\AppData\Roaming\npm;C:\Users\asayke\.dotnet\tools;C:\flutter\bin;
USERNAME=asayke
OS=Windows_NT
PROCESSOR_IDENTIFIER=Intel64 Family 6 Model 42 Stepping 7, GenuineIntel
TMP=C:\Users\asayke\AppData\Local\Temp
TEMP=C:\Users\asayke\AppData\Local\Temp



---------------  S Y S T E M  ---------------

OS:
 Windows 10 , 64 bit Build 19041 (10.0.19041.2546)
OS uptime: 1 days 22:47 hours
Hyper-V role detected

CPU: total 8 (initial active 8) (4 cores per cpu, 2 threads per core) family 6 model 42 stepping 7 microcode 0x2f, cx8, cmov, fxsr, ht, mmx, sse, sse2, sse3, ssse3, sse4.1, sse4.2, popcnt, tsc, tscinvbit, avx, aes, clmul, vzeroupper, clflush, hv

Memory: 4k page, system-wide physical 12205M (1053M free)
TotalPageFile size 24205M (AvailPageFile size 1M)
current process WorkingSet (physical memory assigned to process): 46M, peak: 160M
current process commit charge ("private bytes"): 236M, peak: 261M

vm_info: OpenJDK 64-Bit Server VM (17.0.5+1-b653.23) for windows-amd64 JRE (17.0.5+1-b653.23), built on 2022-12-12 by "builduser" with MS VC++ 16.10 / 16.11 (VS2019)

END.
